-------------------------------------------------------------------------------
Test set: com.in28minutes.rest.webservices.restfulwebservices.RestfulWebServicesApplicationTests
-------------------------------------------------------------------------------
Tests run: 1, Failures: 0, Errors: 1, Skipped: 0, Time elapsed: 12.849 s <<< FAILURE! - in com.in28minutes.rest.webservices.restfulwebservices.RestfulWebServicesApplicationTests
contextLoads  Time elapsed: 0.005 s  <<< ERROR!
java.lang.IllegalStateException: Failed to load ApplicationContext for [WebMergedContextConfiguration@51c6e775 testClass = com.in28minutes.rest.webservices.restfulwebservices.RestfulWebServicesApplicationTests, locations = [], classes = [com.in28minutes.rest.webservices.restfulwebservices.RestfulWebServicesApplication], contextInitializerClasses = [], activeProfiles = [], propertySourceLocations = [], propertySourceProperties = ["org.springframework.boot.test.context.SpringBootTestContextBootstrapper=true"], contextCustomizers = [org.springframework.boot.test.context.filter.ExcludeFilterContextCustomizer@332729ad, org.springframework.boot.test.json.DuplicateJsonObjectContextCustomizerFactory$DuplicateJsonObjectContextCustomizer@6057aebb, org.springframework.boot.test.mock.mockito.MockitoContextCustomizer@0, org.springframework.boot.test.web.client.TestRestTemplateContextCustomizer@7fcf2fc1, org.springframework.boot.test.autoconfigure.actuate.observability.ObservabilityContextCustomizerFactory$DisableObservabilityContextCustomizer@9da1, org.springframework.boot.test.autoconfigure.properties.PropertyMappingContextCustomizer@0, org.springframework.boot.test.autoconfigure.web.servlet.WebDriverContextCustomizerFactory$Customizer@1115ec15, org.springframework.boot.test.context.SpringBootTestAnnotation@5f123d57], resourceBasePath = "src/main/webapp", contextLoader = org.springframework.boot.test.context.SpringBootContextLoader, parent = null]
Caused by: org.springframework.beans.factory.BeanCreationException: Error creating bean with name 'dataSourceScriptDatabaseInitializer' defined in class path resource [org/springframework/boot/autoconfigure/sql/init/DataSourceInitializationConfiguration.class]: Failed to execute SQL script statement #1 of URL [file:/C:/Users/acer/Desktop/FullStackApplication/01-rest-api-starting-code/target/classes/data.sql]: insert into todo (id, description, done, target_date,username) values (10001, 'Learn AWS', false, CURRENT_DATE(), 'in28minutes')
Caused by: org.springframework.jdbc.datasource.init.ScriptStatementFailedException: Failed to execute SQL script statement #1 of URL [file:/C:/Users/acer/Desktop/FullStackApplication/01-rest-api-starting-code/target/classes/data.sql]: insert into todo (id, description, done, target_date,username) values (10001, 'Learn AWS', false, CURRENT_DATE(), 'in28minutes')
Caused by: org.h2.jdbc.JdbcSQLSyntaxErrorException: 
Table "TODO" not found (this database is empty); SQL statement:
insert into todo (id, description, done, target_date,username) values (10001, 'Learn AWS', false, CURRENT_DATE(), 'in28minutes') [42104-214]

